[2019-03-18 23:46:47] request.INFO: Matched route "admin_module_manage". {"route":"admin_module_manage","route_parameters":{"category":null,"keyword":null,"_controller":"PrestaShopBundle\\Controller\\Admin\\Improve\\ModuleController::manageAction","_legacy_controller":"AdminModulesManage","_legacy_link":["AdminModulesManage","AdminModulesSf"],"_route":"admin_module_manage"},"request_uri":"http://localhost/jms_mella/admin538senhgh/index.php/improve/modules/manage?_token=p0oHiVkVKOQMbwAtBcJXzPpJuHjRei9qcyn-aLeVCaE","method":"GET"} []
[2019-03-18 23:46:47] security.INFO: Populated the TokenStorage with an anonymous Token. [] []
[2019-03-18 23:46:52] app.ERROR: Data from PrestaShop Addons is invalid, and cannot fallback on cache.  {"exception":"cURL error 28: Operation timed out after 5008 milliseconds with 1249917087514624 bytes received"} []
[2019-03-18 23:46:53] security.DEBUG: Stored the security token in the session. {"key":"_security_main"} []
[2019-03-18 23:47:02] request.INFO: Matched route "admin_module_notification_count". {"route":"admin_module_notification_count","route_parameters":{"_controller":"PrestaShopBundle\\Controller\\Admin\\Improve\\Modules\\AlertsController::notificationsCountAction","_legacy_controller":"AdminModulesNotifications","_legacy_link":"AdminModulesNotifications:count","_route":"admin_module_notification_count"},"request_uri":"http://localhost/jms_mella/admin538senhgh/index.php/improve/modules/alerts/count?_token=p0oHiVkVKOQMbwAtBcJXzPpJuHjRei9qcyn-aLeVCaE","method":"GET"} []
[2019-03-18 23:47:02] security.DEBUG: Read existing security token from the session. {"key":"_security_main","token_class":"Symfony\\Component\\Security\\Core\\Authentication\\Token\\UsernamePasswordToken"} []
[2019-03-18 23:47:02] security.DEBUG: User was reloaded from a user provider. {"provider":"PrestaShopBundle\\Security\\Admin\\EmployeeProvider","username":"admin@admin.com"} []
[2019-03-18 23:47:07] app.ERROR: Data from PrestaShop Addons is invalid, and cannot fallback on cache.  {"exception":"cURL error 28: Operation timed out after 5007 milliseconds with 553174607855616 bytes received"} []
[2019-03-18 23:47:08] security.DEBUG: Stored the security token in the session. {"key":"_security_main"} []
[2019-03-18 23:51:50] request.INFO: Matched route "admin_module_configure_action". {"route":"admin_module_configure_action","route_parameters":{"_controller":"PrestaShopBundle\\Controller\\Admin\\Improve\\ModuleController::configureModuleAction","_legacy_controller":"AdminModules","module_name":"jmsslider","_route":"admin_module_configure_action"},"request_uri":"http://localhost/jms_mella/admin538senhgh/index.php/improve/modules/manage/action/configure/jmsslider?_token=p0oHiVkVKOQMbwAtBcJXzPpJuHjRei9qcyn-aLeVCaE","method":"GET"} []
[2019-03-18 23:51:50] security.DEBUG: Read existing security token from the session. {"key":"_security_main","token_class":"Symfony\\Component\\Security\\Core\\Authentication\\Token\\UsernamePasswordToken"} []
[2019-03-18 23:51:50] security.DEBUG: User was reloaded from a user provider. {"provider":"PrestaShopBundle\\Security\\Admin\\EmployeeProvider","username":"admin@admin.com"} []
[2019-03-18 23:51:55] app.ERROR: Data from PrestaShop Addons is invalid, and cannot fallback on cache.  {"exception":"cURL error 28: Operation timed out after 5008 milliseconds with 1231298404286464 bytes received"} []
[2019-03-18 23:51:55] security.DEBUG: Stored the security token in the session. {"key":"_security_main"} []
[2019-03-19 00:46:19] request.INFO: Matched route "admin_module_manage". {"route":"admin_module_manage","route_parameters":{"category":null,"keyword":null,"_controller":"PrestaShopBundle\\Controller\\Admin\\Improve\\ModuleController::manageAction","_legacy_controller":"AdminModulesManage","_legacy_link":["AdminModulesManage","AdminModulesSf"],"_route":"admin_module_manage"},"request_uri":"http://localhost/jms_mella/admin538senhgh/index.php/improve/modules/manage?_token=p0oHiVkVKOQMbwAtBcJXzPpJuHjRei9qcyn-aLeVCaE","method":"GET"} []
[2019-03-19 00:46:19] security.DEBUG: Read existing security token from the session. {"key":"_security_main","token_class":"Symfony\\Component\\Security\\Core\\Authentication\\Token\\UsernamePasswordToken"} []
[2019-03-19 00:46:19] security.DEBUG: User was reloaded from a user provider. {"provider":"PrestaShopBundle\\Security\\Admin\\EmployeeProvider","username":"admin@admin.com"} []
[2019-03-19 00:46:24] app.ERROR: Data from PrestaShop Addons is invalid, and cannot fallback on cache.  {"exception":"cURL error 28: Operation timed out after 5007 milliseconds with 1032935339720704 bytes received"} []
[2019-03-19 00:46:24] security.DEBUG: Stored the security token in the session. {"key":"_security_main"} []
[2019-03-19 00:46:26] request.INFO: Matched route "admin_module_notification_count". {"route":"admin_module_notification_count","route_parameters":{"_controller":"PrestaShopBundle\\Controller\\Admin\\Improve\\Modules\\AlertsController::notificationsCountAction","_legacy_controller":"AdminModulesNotifications","_legacy_link":"AdminModulesNotifications:count","_route":"admin_module_notification_count"},"request_uri":"http://localhost/jms_mella/admin538senhgh/index.php/improve/modules/alerts/count?_token=p0oHiVkVKOQMbwAtBcJXzPpJuHjRei9qcyn-aLeVCaE","method":"GET"} []
[2019-03-19 00:46:26] security.DEBUG: Read existing security token from the session. {"key":"_security_main","token_class":"Symfony\\Component\\Security\\Core\\Authentication\\Token\\UsernamePasswordToken"} []
[2019-03-19 00:46:26] security.DEBUG: User was reloaded from a user provider. {"provider":"PrestaShopBundle\\Security\\Admin\\EmployeeProvider","username":"admin@admin.com"} []
[2019-03-19 00:46:31] app.ERROR: Data from PrestaShop Addons is invalid, and cannot fallback on cache.  {"exception":"cURL error 28: Operation timed out after 5008 milliseconds with 873540513431552 bytes received"} []
[2019-03-19 00:46:32] security.DEBUG: Stored the security token in the session. {"key":"_security_main"} []
[2019-03-21 02:44:10] request.INFO: Matched route "admin_module_manage". {"route":"admin_module_manage","route_parameters":{"category":null,"keyword":null,"_controller":"PrestaShopBundle\\Controller\\Admin\\Improve\\ModuleController::manageAction","_legacy_controller":"AdminModulesManage","_legacy_link":["AdminModulesManage","AdminModulesSf"],"_route":"admin_module_manage"},"request_uri":"http://localhost/jms_mella/admin538senhgh/index.php/improve/modules/manage?_token=XHy3iX6AVseoSl8ppQsNkpW9aQ6qW5Xs8Lxt9BRhrOw","method":"GET"} []
[2019-03-21 02:44:10] security.INFO: Populated the TokenStorage with an anonymous Token. [] []
[2019-03-21 02:44:15] app.ERROR: Data from PrestaShop Addons is invalid, and cannot fallback on cache.  {"exception":"cURL error 28: Operation timed out after 5008 milliseconds with 1384091865841664 bytes received"} []
[2019-03-21 02:44:16] security.DEBUG: Stored the security token in the session. {"key":"_security_main"} []
[2019-03-24 23:36:04] request.INFO: Matched route "admin_product_form". {"route":"admin_product_form","route_parameters":{"_controller":"PrestaShopBundle\\Controller\\Admin\\ProductController::formAction","_legacy_controller":"AdminProducts","_legacy_param_mapper_class":"PrestaShop\\PrestaShop\\Adapter\\Product\\AdminProductDataProvider","_legacy_param_mapper_method":"mapLegacyParametersProductForm","id":"23","_route":"admin_product_form"},"request_uri":"http://localhost/jms_mella/admin538senhgh/index.php/sell/catalog/products/23?_token=IaUVIdKQSZmjqZh1gylZMRsaXs2DtCelMjJjUCigYIA","method":"GET"} []
[2019-03-24 23:36:04] security.DEBUG: Read existing security token from the session. {"key":"_security_main","token_class":"Symfony\\Component\\Security\\Core\\Authentication\\Token\\UsernamePasswordToken"} []
[2019-03-24 23:36:04] security.DEBUG: User was reloaded from a user provider. {"provider":"PrestaShopBundle\\Security\\Admin\\EmployeeProvider","username":"admin@admin.com"} []
[2019-03-24 23:36:10] app.ERROR: Data from PrestaShop Addons is invalid, and cannot fallback on cache.  {"exception":"cURL error 28: Operation timed out after 5008 milliseconds with 1115398711803904 bytes received"} []
[2019-03-24 23:36:10] security.DEBUG: Stored the security token in the session. {"key":"_security_main"} []
[2019-05-13 00:45:27] app.ERROR: Data from PrestaShop Addons is invalid, and cannot fallback on cache.  {"exception":"cURL error 28: Operation timed out after 5008 milliseconds with 668996990926848 bytes received"} []
[2019-05-13 00:45:27] request.INFO: Matched route "admin_module_manage". {"route":"admin_module_manage","route_parameters":{"category":null,"keyword":null,"_controller":"PrestaShopBundle\\Controller\\Admin\\Improve\\ModuleController::manageAction","_legacy_controller":"AdminModulesManage","_legacy_link":["AdminModulesManage","AdminModulesSf"],"_route":"admin_module_manage"},"request_uri":"http://localhost/jms_mella/admin538senhgh/index.php/improve/modules/manage?_token=dhxYQf-e_yXRSEdB88ImrG3Cxf9TBlfYjFGpYsPaKrE","method":"GET"} []
[2019-05-13 00:45:27] security.INFO: Populated the TokenStorage with an anonymous Token. [] []
[2019-05-13 00:45:32] app.ERROR: Data from PrestaShop Addons is invalid, and cannot fallback on cache.  {"exception":"cURL error 28: Operation timed out after 5008 milliseconds with 122784525058048 bytes received"} []
[2019-05-13 00:45:34] security.DEBUG: Stored the security token in the session. {"key":"_security_main"} []
[2019-05-13 00:45:36] request.INFO: Matched route "admin_module_notification_count". {"route":"admin_module_notification_count","route_parameters":{"_controller":"PrestaShopBundle\\Controller\\Admin\\Improve\\Modules\\AlertsController::notificationsCountAction","_legacy_controller":"AdminModulesNotifications","_legacy_link":"AdminModulesNotifications:count","_route":"admin_module_notification_count"},"request_uri":"http://localhost/jms_mella/admin538senhgh/index.php/improve/modules/alerts/count?_token=dhxYQf-e_yXRSEdB88ImrG3Cxf9TBlfYjFGpYsPaKrE","method":"GET"} []
[2019-05-13 00:45:36] security.DEBUG: Read existing security token from the session. {"key":"_security_main","token_class":"Symfony\\Component\\Security\\Core\\Authentication\\Token\\UsernamePasswordToken"} []
[2019-05-13 00:45:36] security.DEBUG: User was reloaded from a user provider. {"provider":"PrestaShopBundle\\Security\\Admin\\EmployeeProvider","username":"admin@admin.com"} []
[2019-05-13 00:45:41] app.ERROR: Data from PrestaShop Addons is invalid, and cannot fallback on cache.  {"exception":"cURL error 28: Operation timed out after 5008 milliseconds with 290700566462464 bytes received"} []
[2019-05-13 00:45:42] security.DEBUG: Stored the security token in the session. {"key":"_security_main"} []
[2019-05-13 00:45:44] request.INFO: Matched route "admin_module_manage_action". {"route":"admin_module_manage_action","route_parameters":{"_controller":"PrestaShopBundle\\Controller\\Admin\\Improve\\ModuleController::moduleAction","action":"uninstall","module_name":"jmsslider","_route":"admin_module_manage_action"},"request_uri":"http://localhost/jms_mella/admin538senhgh/index.php/improve/modules/manage/action/uninstall/jmsslider?_token=dhxYQf-e_yXRSEdB88ImrG3Cxf9TBlfYjFGpYsPaKrE","method":"POST"} []
[2019-05-13 00:45:44] security.DEBUG: Read existing security token from the session. {"key":"_security_main","token_class":"Symfony\\Component\\Security\\Core\\Authentication\\Token\\UsernamePasswordToken"} []
[2019-05-13 00:45:44] security.DEBUG: User was reloaded from a user provider. {"provider":"PrestaShopBundle\\Security\\Admin\\EmployeeProvider","username":"admin@admin.com"} []
[2019-05-13 00:45:49] app.ERROR: Data from PrestaShop Addons is invalid, and cannot fallback on cache.  {"exception":"cURL error 28: Connection timed out after 5008 milliseconds"} []
[2019-05-13 00:45:49] security.DEBUG: Stored the security token in the session. {"key":"_security_main"} []
[2019-05-13 00:46:49] app.ERROR: Data from PrestaShop Addons is invalid, and cannot fallback on cache.  {"exception":"cURL error 28: Operation timed out after 5007 milliseconds with 687654328860672 bytes received"} []
[2019-05-13 00:46:52] request.INFO: Matched route "admin_module_manage_action". {"route":"admin_module_manage_action","route_parameters":{"_controller":"PrestaShopBundle\\Controller\\Admin\\Improve\\ModuleController::moduleAction","action":"install","module_name":"jmsslider","_route":"admin_module_manage_action"},"request_uri":"http://localhost/jms_mella/admin538senhgh/index.php/improve/modules/manage/action/install/jmsslider?_token=dhxYQf-e_yXRSEdB88ImrG3Cxf9TBlfYjFGpYsPaKrE","method":"POST"} []
[2019-05-13 00:46:52] security.DEBUG: Read existing security token from the session. {"key":"_security_main","token_class":"Symfony\\Component\\Security\\Core\\Authentication\\Token\\UsernamePasswordToken"} []
[2019-05-13 00:46:52] security.DEBUG: User was reloaded from a user provider. {"provider":"PrestaShopBundle\\Security\\Admin\\EmployeeProvider","username":"admin@admin.com"} []
[2019-05-13 00:46:58] app.ERROR: Data from PrestaShop Addons is invalid, and cannot fallback on cache.  {"exception":"cURL error 28: Operation timed out after 5008 milliseconds with 546955495211008 bytes received"} []
[2019-05-13 00:47:00] security.DEBUG: Stored the security token in the session. {"key":"_security_main"} []
[2019-05-13 00:49:30] request.INFO: Matched route "admin_module_configure_action". {"route":"admin_module_configure_action","route_parameters":{"_controller":"PrestaShopBundle\\Controller\\Admin\\Improve\\ModuleController::configureModuleAction","_legacy_controller":"AdminModules","module_name":"jmsslider","_route":"admin_module_configure_action"},"request_uri":"http://localhost/jms_mella/admin538senhgh/index.php/improve/modules/manage/action/configure/jmsslider?_token=dhxYQf-e_yXRSEdB88ImrG3Cxf9TBlfYjFGpYsPaKrE","method":"GET"} []
[2019-05-13 00:49:30] security.DEBUG: Read existing security token from the session. {"key":"_security_main","token_class":"Symfony\\Component\\Security\\Core\\Authentication\\Token\\UsernamePasswordToken"} []
[2019-05-13 00:49:30] security.DEBUG: User was reloaded from a user provider. {"provider":"PrestaShopBundle\\Security\\Admin\\EmployeeProvider","username":"admin@admin.com"} []
[2019-05-13 00:49:36] app.ERROR: Data from PrestaShop Addons is invalid, and cannot fallback on cache.  {"exception":"cURL error 28: Operation timed out after 5007 milliseconds with 309357904396288 bytes received"} []
[2019-05-13 00:49:36] security.DEBUG: Stored the security token in the session. {"key":"_security_main"} []
[2019-05-14 21:47:12] request.INFO: Matched route "admin_module_manage". {"route":"admin_module_manage","route_parameters":{"category":null,"keyword":null,"_controller":"PrestaShopBundle\\Controller\\Admin\\Improve\\ModuleController::manageAction","_legacy_controller":"AdminModulesManage","_legacy_link":["AdminModulesManage","AdminModulesSf"],"_route":"admin_module_manage"},"request_uri":"http://localhost/jms_mella/admin538senhgh/index.php/improve/modules/manage?_token=eN4vr_BEFGAj0iJzjXTz2KNg8I0VTPGKUrdv6wyXEZo","method":"GET"} []
[2019-05-14 21:47:12] security.INFO: Populated the TokenStorage with an anonymous Token. [] []
[2019-05-14 21:47:24] app.ERROR: Data from PrestaShop Addons is invalid, and cannot fallback on cache.  {"exception":"cURL error 28: Operation timed out after 5008 milliseconds with 495931283734528 bytes received"} []
[2019-05-14 21:47:46] security.DEBUG: Stored the security token in the session. {"key":"_security_main"} []
